<?xml version="1.0" encoding="UTF-8"?>
<testng-results ignored="0" total="1" passed="1" failed="0" skipped="0">
  <reporter-output>
  </reporter-output>
  <suite started-at="2022-07-27T19:21:46 BDT" name="Default suite" finished-at="2022-07-27T19:22:06 BDT" duration-ms="19932">
    <groups>
    </groups>
    <test started-at="2022-07-27T19:21:46 BDT" name="Default test" finished-at="2022-07-27T19:22:06 BDT" duration-ms="19932">
      <class name="Rk.TestNGPackage.LoginDemoTestNG">
        <test-method is-config="true" signature="setUp()[pri:0, instance:Rk.TestNGPackage.LoginDemoTestNG@4145bad8]" started-at="2022-07-27T19:21:46 BDT" name="setUp" finished-at="2022-07-27T19:21:46 BDT" duration-ms="204" status="PASS">
          <reporter-output>
          </reporter-output>
        </test-method> <!-- setUp -->
        <test-method is-config="true" signature="setUpTest()[pri:0, instance:Rk.TestNGPackage.LoginDemoTestNG@4145bad8]" started-at="2022-07-27T19:21:46 BDT" name="setUpTest" finished-at="2022-07-27T19:21:48 BDT" duration-ms="1661" status="PASS">
          <reporter-output>
          </reporter-output>
        </test-method> <!-- setUpTest -->
        <test-method signature="test1()[pri:0, instance:Rk.TestNGPackage.LoginDemoTestNG@4145bad8]" started-at="2022-07-27T19:21:48 BDT" name="test1" finished-at="2022-07-27T19:21:57 BDT" duration-ms="8996" status="PASS">
          <reporter-output>
          </reporter-output>
        </test-method> <!-- test1 -->
        <test-method is-config="true" signature="tearDownTest()[pri:0, instance:Rk.TestNGPackage.LoginDemoTestNG@4145bad8]" started-at="2022-07-27T19:21:57 BDT" name="tearDownTest" finished-at="2022-07-27T19:22:06 BDT" duration-ms="9243" status="PASS">
          <reporter-output>
          </reporter-output>
        </test-method> <!-- tearDownTest -->
        <test-method is-config="true" signature="tearDown()[pri:0, instance:Rk.TestNGPackage.LoginDemoTestNG@4145bad8]" started-at="2022-07-27T19:22:06 BDT" name="tearDown" finished-at="2022-07-27T19:22:06 BDT" duration-ms="210" status="PASS">
          <reporter-output>
          </reporter-output>
        </test-method> <!-- tearDown -->
      </class> <!-- Rk.TestNGPackage.LoginDemoTestNG -->
    </test> <!-- Default test -->
  </suite> <!-- Default suite -->
</testng-results>
