<?xml version="1.0" encoding="UTF-8"?>
<testng-results ignored="15" total="20" passed="5" failed="0" skipped="0">
  <reporter-output>
  </reporter-output>
  <suite started-at="2022-08-01T18:40:36 BDT" name="DemoSuite" finished-at="2022-08-01T18:41:45 BDT" duration-ms="69018">
    <groups>
    </groups>
    <test started-at="2022-08-01T18:40:36 BDT" name="getRowCount" finished-at="2022-08-01T18:40:44 BDT" duration-ms="7645">
      <class name="LoginExcelTestNG.ExcelLoginTestNG">
        <test-method is-config="true" signature="setUpTest()[pri:0, instance:LoginExcelTestNG.ExcelLoginTestNG@5b1669c0]" started-at="2022-08-01T18:40:36 BDT" name="setUpTest" finished-at="2022-08-01T18:40:38 BDT" duration-ms="2034" status="PASS">
          <reporter-output>
          </reporter-output>
        </test-method> <!-- setUpTest -->
        <test-method signature="getRowCount()[pri:0, instance:LoginExcelTestNG.ExcelLoginTestNG@5b1669c0]" started-at="2022-08-01T18:40:38 BDT" name="getRowCount" finished-at="2022-08-01T18:40:38 BDT" duration-ms="444" status="PASS">
          <reporter-output>
          </reporter-output>
        </test-method> <!-- getRowCount -->
        <test-method is-config="true" signature="tearDownTest()[pri:0, instance:LoginExcelTestNG.ExcelLoginTestNG@5b1669c0]" started-at="2022-08-01T18:40:38 BDT" name="tearDownTest" finished-at="2022-08-01T18:40:44 BDT" duration-ms="5142" status="PASS">
          <reporter-output>
          </reporter-output>
        </test-method> <!-- tearDownTest -->
      </class> <!-- LoginExcelTestNG.ExcelLoginTestNG -->
    </test> <!-- getRowCount -->
    <test started-at="2022-08-01T18:40:44 BDT" name="getCellData" finished-at="2022-08-01T18:40:53 BDT" duration-ms="9055">
      <class name="LoginExcelTestNG.ExcelLoginTestNG">
        <test-method is-config="true" signature="setUpTest()[pri:0, instance:LoginExcelTestNG.ExcelLoginTestNG@5afa3c9]" started-at="2022-08-01T18:40:44 BDT" name="setUpTest" finished-at="2022-08-01T18:40:44 BDT" duration-ms="848" status="PASS">
          <reporter-output>
          </reporter-output>
        </test-method> <!-- setUpTest -->
        <test-method signature="getCellData()[pri:0, instance:LoginExcelTestNG.ExcelLoginTestNG@5afa3c9]" started-at="2022-08-01T18:40:44 BDT" name="getCellData" finished-at="2022-08-01T18:40:48 BDT" duration-ms="3043" status="PASS">
          <reporter-output>
          </reporter-output>
        </test-method> <!-- getCellData -->
        <test-method is-config="true" signature="tearDownTest()[pri:0, instance:LoginExcelTestNG.ExcelLoginTestNG@5afa3c9]" started-at="2022-08-01T18:40:48 BDT" name="tearDownTest" finished-at="2022-08-01T18:40:53 BDT" duration-ms="5161" status="PASS">
          <reporter-output>
          </reporter-output>
        </test-method> <!-- tearDownTest -->
      </class> <!-- LoginExcelTestNG.ExcelLoginTestNG -->
    </test> <!-- getCellData -->
    <test started-at="2022-08-01T18:40:53 BDT" name="validLogin" finished-at="2022-08-01T18:41:22 BDT" duration-ms="29184">
      <class name="LoginExcelTestNG.ExcelLoginTestNG">
        <test-method is-config="true" signature="setUpTest()[pri:0, instance:LoginExcelTestNG.ExcelLoginTestNG@8458f04]" started-at="2022-08-01T18:40:53 BDT" name="setUpTest" finished-at="2022-08-01T18:40:53 BDT" duration-ms="792" status="PASS">
          <reporter-output>
          </reporter-output>
        </test-method> <!-- setUpTest -->
        <test-method signature="validLogin()[pri:0, instance:LoginExcelTestNG.ExcelLoginTestNG@8458f04]" started-at="2022-08-01T18:40:53 BDT" name="validLogin" finished-at="2022-08-01T18:41:10 BDT" duration-ms="16126" status="PASS">
          <reporter-output>
          </reporter-output>
        </test-method> <!-- validLogin -->
        <test-method signature="verifyLogin()[pri:0, instance:LoginExcelTestNG.ExcelLoginTestNG@8458f04]" started-at="2022-08-01T18:41:10 BDT" name="verifyLogin" finished-at="2022-08-01T18:41:13 BDT" duration-ms="3043" status="PASS">
          <reporter-output>
          </reporter-output>
        </test-method> <!-- verifyLogin -->
        <test-method is-config="true" signature="tearDownTest()[pri:0, instance:LoginExcelTestNG.ExcelLoginTestNG@8458f04]" started-at="2022-08-01T18:41:13 BDT" name="tearDownTest" finished-at="2022-08-01T18:41:22 BDT" duration-ms="9217" status="PASS">
          <reporter-output>
          </reporter-output>
        </test-method> <!-- tearDownTest -->
      </class> <!-- LoginExcelTestNG.ExcelLoginTestNG -->
    </test> <!-- validLogin -->
    <test started-at="2022-08-01T18:41:22 BDT" name="inValidLogin" finished-at="2022-08-01T18:41:45 BDT" duration-ms="23116">
      <class name="LoginExcelTestNG.ExcelLoginTestNG">
        <test-method is-config="true" signature="setUp()[pri:0, instance:LoginExcelTestNG.ExcelLoginTestNG@33bc72d1]" started-at="2022-08-01T18:40:36 BDT" name="setUp" finished-at="2022-08-01T18:40:36 BDT" duration-ms="183" status="PASS">
          <reporter-output>
          </reporter-output>
        </test-method> <!-- setUp -->
        <test-method is-config="true" signature="setUpTest()[pri:0, instance:LoginExcelTestNG.ExcelLoginTestNG@33bc72d1]" started-at="2022-08-01T18:41:22 BDT" name="setUpTest" finished-at="2022-08-01T18:41:23 BDT" duration-ms="772" status="PASS">
          <reporter-output>
          </reporter-output>
        </test-method> <!-- setUpTest -->
        <test-method signature="inValidLogin()[pri:0, instance:LoginExcelTestNG.ExcelLoginTestNG@33bc72d1]" started-at="2022-08-01T18:41:23 BDT" name="inValidLogin" finished-at="2022-08-01T18:41:36 BDT" duration-ms="13112" status="PASS">
          <reporter-output>
          </reporter-output>
        </test-method> <!-- inValidLogin -->
        <test-method is-config="true" signature="tearDownTest()[pri:0, instance:LoginExcelTestNG.ExcelLoginTestNG@33bc72d1]" started-at="2022-08-01T18:41:36 BDT" name="tearDownTest" finished-at="2022-08-01T18:41:45 BDT" duration-ms="9229" status="PASS">
          <reporter-output>
          </reporter-output>
        </test-method> <!-- tearDownTest -->
        <test-method is-config="true" signature="tearDown()[pri:0, instance:LoginExcelTestNG.ExcelLoginTestNG@33bc72d1]" started-at="2022-08-01T18:41:45 BDT" name="tearDown" finished-at="2022-08-01T18:41:45 BDT" duration-ms="179" status="PASS">
          <reporter-output>
          </reporter-output>
        </test-method> <!-- tearDown -->
      </class> <!-- LoginExcelTestNG.ExcelLoginTestNG -->
    </test> <!-- inValidLogin -->
  </suite> <!-- DemoSuite -->
</testng-results>
