<?xml version="1.0" encoding="UTF-8"?>
<!-- Generated by org.testng.reporters.JUnitXMLReporter -->
<testsuite ignored="4" hostname="LPWLL14067" failures="0" tests="1" name="getCellData" time="9.055" errors="0" timestamp="2022-08-01T18:40:53 BDT">
  <testcase classname="LoginExcelTestNG.ExcelLoginTestNG" name="getCellData" time="3.043"/>
  <testcase classname="LoginExcelTestNG.ExcelLoginTestNG" name="inValidLogin" time="0.0">
    <ignored/>
  </testcase> <!-- inValidLogin -->
  <testcase classname="LoginExcelTestNG.ExcelLoginTestNG" name="getRowCount" time="0.0">
    <ignored/>
  </testcase> <!-- getRowCount -->
  <testcase classname="LoginExcelTestNG.ExcelLoginTestNG" name="verifyLogin" time="0.0">
    <ignored/>
  </testcase> <!-- verifyLogin -->
  <testcase classname="LoginExcelTestNG.ExcelLoginTestNG" name="validLogin" time="0.0">
    <ignored/>
  </testcase> <!-- validLogin -->
</testsuite> <!-- getCellData -->
