<?xml version="1.0" encoding="UTF-8"?>
<!-- Generated by org.testng.reporters.JUnitXMLReporter -->
<testsuite ignored="4" hostname="LPWLL14067" failures="0" tests="1" name="inValidLogin" time="23.116" errors="0" timestamp="2022-08-01T18:41:45 BDT">
  <testcase classname="LoginExcelTestNG.ExcelLoginTestNG" name="inValidLogin" time="13.112"/>
  <testcase classname="LoginExcelTestNG.ExcelLoginTestNG" name="getCellData" time="0.0">
    <ignored/>
  </testcase> <!-- getCellData -->
  <testcase classname="LoginExcelTestNG.ExcelLoginTestNG" name="validLogin" time="0.0">
    <ignored/>
  </testcase> <!-- validLogin -->
  <testcase classname="LoginExcelTestNG.ExcelLoginTestNG" name="getRowCount" time="0.0">
    <ignored/>
  </testcase> <!-- getRowCount -->
  <testcase classname="LoginExcelTestNG.ExcelLoginTestNG" name="verifyLogin" time="0.0">
    <ignored/>
  </testcase> <!-- verifyLogin -->
</testsuite> <!-- inValidLogin -->
