<?xml version="1.0" encoding="UTF-8"?>
<!-- Generated by org.testng.reporters.JUnitXMLReporter -->
<testsuite ignored="3" hostname="LPWLL14067" failures="0" tests="2" name="validLogin" time="29.184" errors="0" timestamp="2022-08-01T18:41:22 BDT">
  <testcase classname="LoginExcelTestNG.ExcelLoginTestNG" name="validLogin" time="16.126"/>
  <testcase classname="LoginExcelTestNG.ExcelLoginTestNG" name="verifyLogin" time="3.043"/>
  <testcase classname="LoginExcelTestNG.ExcelLoginTestNG" name="getRowCount" time="0.0">
    <ignored/>
  </testcase> <!-- getRowCount -->
  <testcase classname="LoginExcelTestNG.ExcelLoginTestNG" name="inValidLogin" time="0.0">
    <ignored/>
  </testcase> <!-- inValidLogin -->
  <testcase classname="LoginExcelTestNG.ExcelLoginTestNG" name="getCellData" time="0.0">
    <ignored/>
  </testcase> <!-- getCellData -->
</testsuite> <!-- validLogin -->
