<?xml version="1.0" encoding="UTF-8"?>
<!-- Generated by org.testng.reporters.JUnitXMLReporter -->
<testsuite ignored="0" hostname="LPWLL14067" failures="0" tests="5" name="Default test" time="37.76" errors="0" timestamp="2022-08-01T18:36:44 BDT">
  <testcase classname="LoginExcelTestNG.ExcelLoginTestNG" name="getCellData" time="3.404"/>
  <testcase classname="LoginExcelTestNG.ExcelLoginTestNG" name="getRowCount" time="0.032"/>
  <testcase classname="LoginExcelTestNG.ExcelLoginTestNG" name="inValidLogin" time="11.781"/>
  <testcase classname="LoginExcelTestNG.ExcelLoginTestNG" name="validLogin" time="8.719"/>
  <testcase classname="LoginExcelTestNG.ExcelLoginTestNG" name="verifyLogin" time="3.045"/>
</testsuite> <!-- Default test -->
